<?xml version="1.0" encoding="UTF-8"?>
<testng-results skipped="0" failed="0" ignored="0" total="1" passed="1">
  <reporter-output>
  </reporter-output>
  <suite name="Default suite" duration-ms="6228" started-at="2025-03-11T14:42:14Z" finished-at="2025-03-11T14:42:21Z">
    <groups>
    </groups>
    <test name="Default test" duration-ms="6228" started-at="2025-03-11T14:42:14Z" finished-at="2025-03-11T14:42:21Z">
      <class name="com.rameshsoft.automation.Reports.DemoReport">
        <test-method status="PASS" signature="method()[pri:0, instance:com.rameshsoft.automation.Reports.DemoReport@7e0b0338]" name="method" is-config="true" duration-ms="5" started-at="2025-03-11T14:42:14Z" finished-at="2025-03-11T14:42:14Z">
          <reporter-output>
          </reporter-output>
        </test-method> <!-- method -->
        <test-method status="PASS" signature="verifyTitle()[pri:0, instance:com.rameshsoft.automation.Reports.DemoReport@7e0b0338]" name="verifyTitle" duration-ms="6198" started-at="2025-03-11T14:42:14Z" finished-at="2025-03-11T14:42:21Z">
          <reporter-output>
          </reporter-output>
        </test-method> <!-- verifyTitle -->
        <test-method status="PASS" signature="method(org.testng.ITestResult)[pri:0, instance:com.rameshsoft.automation.Reports.DemoReport@7e0b0338]" name="method" is-config="true" duration-ms="2" started-at="2025-03-11T14:42:21Z" finished-at="2025-03-11T14:42:21Z">
          <params>
            <param index="0">
              <value>
                <![CDATA[[TestResult name=verifyTitle status=SUCCESS method=DemoReport.verifyTitle()[pri:0, instance:com.rameshsoft.automation.Reports.DemoReport@7e0b0338] output={null}]]]>
              </value>
            </param>
          </params>
          <reporter-output>
          </reporter-output>
        </test-method> <!-- method -->
      </class> <!-- com.rameshsoft.automation.Reports.DemoReport -->
    </test> <!-- Default test -->
  </suite> <!-- Default suite -->
</testng-results>
